Determining if the pthread_create exist failed with the following output:
Change Dir: /home/jdao/Work/drwn/build/CMakeFiles/CMakeTmp

Run Build Command:/usr/bin/make "cmTryCompileExec401897883/fast"
/usr/bin/make -f CMakeFiles/cmTryCompileExec401897883.dir/build.make CMakeFiles/cmTryCompileExec401897883.dir/build
make[1]: Entering directory `/home/jdao/Work/drwn/build/CMakeFiles/CMakeTmp'
/usr/bin/cmake -E cmake_progress_report /home/jdao/Work/drwn/build/CMakeFiles/CMakeTmp/CMakeFiles 1
Building C object CMakeFiles/cmTryCompileExec401897883.dir/CheckSymbolExists.c.o
/usr/bin/cc    -o CMakeFiles/cmTryCompileExec401897883.dir/CheckSymbolExists.c.o   -c /home/jdao/Work/drwn/build/CMakeFiles/CMakeTmp/CheckSymbolExists.c
Linking C executable cmTryCompileExec401897883
/usr/bin/cmake -E cmake_link_script CMakeFiles/cmTryCompileExec401897883.dir/link.txt --verbose=1
/usr/bin/cc       CMakeFiles/cmTryCompileExec401897883.dir/CheckSymbolExists.c.o  -o cmTryCompileExec401897883 -rdynamic 
CMakeFiles/cmTryCompileExec401897883.dir/CheckSymbolExists.c.o: In function `main':
CheckSymbolExists.c:(.text+0x16): undefined reference to `pthread_create'
collect2: error: ld returned 1 exit status
make[1]: *** [cmTryCompileExec401897883] Error 1
make[1]: Leaving directory `/home/jdao/Work/drwn/build/CMakeFiles/CMakeTmp'
make: *** [cmTryCompileExec401897883/fast] Error 2

File /home/jdao/Work/drwn/build/CMakeFiles/CMakeTmp/CheckSymbolExists.c:
/* */
#include <pthread.h>

int main(int argc, char** argv)
{
  (void)argv;
#ifndef pthread_create
  return ((int*)(&pthread_create))[argc];
#else
  (void)argc;
  return 0;
#endif
}

Determining if the function pthread_create exists in the pthreads failed with the following output:
Change Dir: /home/jdao/Work/drwn/build/CMakeFiles/CMakeTmp

Run Build Command:/usr/bin/make "cmTryCompileExec1208468078/fast"
/usr/bin/make -f CMakeFiles/cmTryCompileExec1208468078.dir/build.make CMakeFiles/cmTryCompileExec1208468078.dir/build
make[1]: Entering directory `/home/jdao/Work/drwn/build/CMakeFiles/CMakeTmp'
/usr/bin/cmake -E cmake_progress_report /home/jdao/Work/drwn/build/CMakeFiles/CMakeTmp/CMakeFiles 1
Building C object CMakeFiles/cmTryCompileExec1208468078.dir/CheckFunctionExists.c.o
/usr/bin/cc   -DCHECK_FUNCTION_EXISTS=pthread_create   -o CMakeFiles/cmTryCompileExec1208468078.dir/CheckFunctionExists.c.o   -c /usr/share/cmake-2.8/Modules/CheckFunctionExists.c
Linking C executable cmTryCompileExec1208468078
/usr/bin/cmake -E cmake_link_script CMakeFiles/cmTryCompileExec1208468078.dir/link.txt --verbose=1
/usr/bin/cc   -DCHECK_FUNCTION_EXISTS=pthread_create    CMakeFiles/cmTryCompileExec1208468078.dir/CheckFunctionExists.c.o  -o cmTryCompileExec1208468078 -rdynamic -lpthreads 
/usr/bin/ld: cannot find -lpthreads
collect2: error: ld returned 1 exit status
make[1]: *** [cmTryCompileExec1208468078] Error 1
make[1]: Leaving directory `/home/jdao/Work/drwn/build/CMakeFiles/CMakeTmp'
make: *** [cmTryCompileExec1208468078/fast] Error 2


